<?xml version="1.0" encoding="UTF-8"?>
<!-- Generated by org.testng.reporters.JUnitReportReporter -->
<testsuite hostname="Deepan-PC" name="resources.Listener" tests="1" failures="0" timestamp="22 Jan 2018 11:17:13 GMT" time="0.008" errors="0">
  <testcase name="f" time="0.008" classname="resources.Listener"/>
</testsuite> <!-- resources.Listener -->
