<?xml version="1.0" encoding="UTF-8"?>
<!-- Generated by org.testng.reporters.JUnitReportReporter -->
<testsuite hostname="Deepan-PC" name="Smoke.Com_Rom.SmokeTest" tests="1" failures="0" timestamp="24 Jan 2018 10:55:23 GMT" time="12.257" errors="0">
  <testcase name="RPLogin" time="12.257" classname="Smoke.Com_Rom.SmokeTest"/>
</testsuite> <!-- Smoke.Com_Rom.SmokeTest -->
